c:\users\danya\source\repos\labpizhv3\labpizhv3\x64\debug\vc143.pdb
c:\users\danya\source\repos\labpizhv3\labpizhv3\x64\debug\vc143.idb
c:\users\danya\source\repos\labpizhv3\labpizhv3\x64\debug\var1.obj
c:\users\danya\source\repos\labpizhv3\labpizhv3\x64\debug\labpizhv3.obj
c:\users\danya\source\repos\labpizhv3\labpizhv3\x64\debug\var2.obj
c:\users\danya\source\repos\labpizhv3\labpizhv3\x64\debug\var3.obj
c:\users\danya\source\repos\labpizhv3\labpizhv3\x64\debug\var4.obj
c:\users\danya\source\repos\labpizhv3\x64\debug\labpizhv3.exe
c:\users\danya\source\repos\labpizhv3\x64\debug\labpizhv3.pdb
c:\users\danya\source\repos\labpizhv3\labpizhv3\x64\debug\labpizhv3.res
c:\users\danya\source\repos\labpizhv3\labpizhv3\x64\debug\labpizhv3.ilk
c:\users\danya\source\repos\labpizhv3\labpizhv3\x64\debug\nativecodeanalysis.read.1.tlog
c:\users\danya\source\repos\labpizhv3\labpizhv3\x64\debug\var3.nativecodeanalysis.xml
c:\users\danya\source\repos\labpizhv3\labpizhv3\x64\debug\vc.nativecodeanalysis.all.xml
c:\users\danya\source\repos\labpizhv3\labpizhv3\x64\debug\labpizhv3.tlog\cl.command.1.tlog
c:\users\danya\source\repos\labpizhv3\labpizhv3\x64\debug\labpizhv3.tlog\cl.items.tlog
c:\users\danya\source\repos\labpizhv3\labpizhv3\x64\debug\labpizhv3.tlog\cl.read.1.tlog
c:\users\danya\source\repos\labpizhv3\labpizhv3\x64\debug\labpizhv3.tlog\cl.write.1.tlog
c:\users\danya\source\repos\labpizhv3\labpizhv3\x64\debug\labpizhv3.tlog\link.command.1.tlog
c:\users\danya\source\repos\labpizhv3\labpizhv3\x64\debug\labpizhv3.tlog\link.read.1.tlog
c:\users\danya\source\repos\labpizhv3\labpizhv3\x64\debug\labpizhv3.tlog\link.secondary.1.tlog
c:\users\danya\source\repos\labpizhv3\labpizhv3\x64\debug\labpizhv3.tlog\link.write.1.tlog
c:\users\danya\source\repos\labpizhv3\labpizhv3\x64\debug\labpizhv3.tlog\rc.command.1.tlog
c:\users\danya\source\repos\labpizhv3\labpizhv3\x64\debug\labpizhv3.tlog\rc.read.1.tlog
c:\users\danya\source\repos\labpizhv3\labpizhv3\x64\debug\labpizhv3.tlog\rc.write.1.tlog
