c:\users\danya\source\repos\labpizhv1\labpizhv1\x64\debug\vc143.pdb
c:\users\danya\source\repos\labpizhv1\labpizhv1\x64\debug\vc143.idb
c:\users\danya\source\repos\labpizhv1\labpizhv1\x64\debug\var9.obj
c:\users\danya\source\repos\labpizhv1\labpizhv1\x64\debug\var8.obj
c:\users\danya\source\repos\labpizhv1\labpizhv1\x64\debug\var7.obj
c:\users\danya\source\repos\labpizhv1\labpizhv1\x64\debug\var6.obj
c:\users\danya\source\repos\labpizhv1\labpizhv1\x64\debug\var5.obj
c:\users\danya\source\repos\labpizhv1\labpizhv1\x64\debug\var4.obj
c:\users\danya\source\repos\labpizhv1\labpizhv1\x64\debug\var3.obj
c:\users\danya\source\repos\labpizhv1\labpizhv1\x64\debug\var2.obj
c:\users\danya\source\repos\labpizhv1\labpizhv1\x64\debug\var10.obj
c:\users\danya\source\repos\labpizhv1\labpizhv1\x64\debug\var1.obj
c:\users\danya\source\repos\labpizhv1\labpizhv1\x64\debug\labpizhv1.obj
c:\users\danya\source\repos\labpizhv1\x64\debug\labpizhv1.exe
c:\users\danya\source\repos\labpizhv1\x64\debug\labpizhv1.pdb
c:\users\danya\source\repos\labpizhv1\labpizhv1\x64\debug\labpizhv1.ilk
c:\users\danya\source\repos\labpizhv1\labpizhv1\x64\debug\labpizhv1.tlog\cl.command.1.tlog
c:\users\danya\source\repos\labpizhv1\labpizhv1\x64\debug\labpizhv1.tlog\cl.items.tlog
c:\users\danya\source\repos\labpizhv1\labpizhv1\x64\debug\labpizhv1.tlog\cl.read.1.tlog
c:\users\danya\source\repos\labpizhv1\labpizhv1\x64\debug\labpizhv1.tlog\cl.write.1.tlog
c:\users\danya\source\repos\labpizhv1\labpizhv1\x64\debug\labpizhv1.tlog\link.command.1.tlog
c:\users\danya\source\repos\labpizhv1\labpizhv1\x64\debug\labpizhv1.tlog\link.read.1.tlog
c:\users\danya\source\repos\labpizhv1\labpizhv1\x64\debug\labpizhv1.tlog\link.secondary.1.tlog
c:\users\danya\source\repos\labpizhv1\labpizhv1\x64\debug\labpizhv1.tlog\link.write.1.tlog
